[2024-12-01T21:36:53.127+0530] {processor.py:186} INFO - Started process (PID=5150) to work on /home/sde/MyLab/myenv/lib/python3.12/site-packages/airflow/example_dags/sample.py
[2024-12-01T21:36:53.129+0530] {processor.py:914} INFO - Processing file /home/sde/MyLab/myenv/lib/python3.12/site-packages/airflow/example_dags/sample.py for tasks to queue
[2024-12-01T21:36:53.132+0530] {logging_mixin.py:190} INFO - [2024-12-01T21:36:53.131+0530] {dagbag.py:588} INFO - Filling up the DagBag from /home/sde/MyLab/myenv/lib/python3.12/site-packages/airflow/example_dags/sample.py
[2024-12-01T21:36:53.141+0530] {processor.py:925} INFO - DAG(s) 'data_frame_read' retrieved from /home/sde/MyLab/myenv/lib/python3.12/site-packages/airflow/example_dags/sample.py
[2024-12-01T21:36:53.279+0530] {logging_mixin.py:190} INFO - [2024-12-01T21:36:53.278+0530] {override.py:1911} INFO - Created Permission View: can read on DAG:data_frame_read
[2024-12-01T21:36:53.294+0530] {logging_mixin.py:190} INFO - [2024-12-01T21:36:53.294+0530] {override.py:1911} INFO - Created Permission View: can edit on DAG:data_frame_read
[2024-12-01T21:36:53.302+0530] {logging_mixin.py:190} INFO - [2024-12-01T21:36:53.302+0530] {override.py:1911} INFO - Created Permission View: can delete on DAG:data_frame_read
[2024-12-01T21:36:53.313+0530] {logging_mixin.py:190} INFO - [2024-12-01T21:36:53.313+0530] {override.py:1911} INFO - Created Permission View: menu access on DAG Run:data_frame_read
[2024-12-01T21:36:53.325+0530] {logging_mixin.py:190} INFO - [2024-12-01T21:36:53.325+0530] {override.py:1911} INFO - Created Permission View: can read on DAG Run:data_frame_read
[2024-12-01T21:36:53.336+0530] {logging_mixin.py:190} INFO - [2024-12-01T21:36:53.336+0530] {override.py:1911} INFO - Created Permission View: can delete on DAG Run:data_frame_read
[2024-12-01T21:36:53.347+0530] {logging_mixin.py:190} INFO - [2024-12-01T21:36:53.346+0530] {override.py:1911} INFO - Created Permission View: can create on DAG Run:data_frame_read
[2024-12-01T21:36:53.347+0530] {logging_mixin.py:190} INFO - [2024-12-01T21:36:53.347+0530] {dag.py:3239} INFO - Sync 1 DAGs
[2024-12-01T21:36:53.368+0530] {logging_mixin.py:190} INFO - [2024-12-01T21:36:53.368+0530] {dag.py:3262} INFO - Creating ORM DAG for data_frame_read
[2024-12-01T21:36:53.387+0530] {logging_mixin.py:190} INFO - [2024-12-01T21:36:53.387+0530] {dag.py:4180} INFO - Setting next_dagrun for data_frame_read to 2024-01-01 00:00:00+00:00, run_after=2024-01-01 00:30:00+00:00
[2024-12-01T21:36:53.411+0530] {processor.py:208} INFO - Processing /home/sde/MyLab/myenv/lib/python3.12/site-packages/airflow/example_dags/sample.py took 0.292 seconds
[2024-12-01T21:37:23.570+0530] {processor.py:186} INFO - Started process (PID=5880) to work on /home/sde/MyLab/myenv/lib/python3.12/site-packages/airflow/example_dags/sample.py
[2024-12-01T21:37:23.574+0530] {processor.py:914} INFO - Processing file /home/sde/MyLab/myenv/lib/python3.12/site-packages/airflow/example_dags/sample.py for tasks to queue
[2024-12-01T21:37:23.582+0530] {logging_mixin.py:190} INFO - [2024-12-01T21:37:23.582+0530] {dagbag.py:588} INFO - Filling up the DagBag from /home/sde/MyLab/myenv/lib/python3.12/site-packages/airflow/example_dags/sample.py
[2024-12-01T21:37:23.618+0530] {processor.py:925} INFO - DAG(s) 'data_frame_read' retrieved from /home/sde/MyLab/myenv/lib/python3.12/site-packages/airflow/example_dags/sample.py
[2024-12-01T21:37:23.669+0530] {logging_mixin.py:190} INFO - [2024-12-01T21:37:23.669+0530] {dag.py:3239} INFO - Sync 1 DAGs
[2024-12-01T21:37:23.711+0530] {logging_mixin.py:190} INFO - [2024-12-01T21:37:23.710+0530] {dag.py:4180} INFO - Setting next_dagrun for data_frame_read to 2024-01-01 00:00:00+00:00, run_after=2024-01-01 00:30:00+00:00
[2024-12-01T21:37:23.755+0530] {processor.py:208} INFO - Processing /home/sde/MyLab/myenv/lib/python3.12/site-packages/airflow/example_dags/sample.py took 0.215 seconds
[2024-12-01T21:37:54.152+0530] {processor.py:186} INFO - Started process (PID=6179) to work on /home/sde/MyLab/myenv/lib/python3.12/site-packages/airflow/example_dags/sample.py
[2024-12-01T21:37:54.153+0530] {processor.py:914} INFO - Processing file /home/sde/MyLab/myenv/lib/python3.12/site-packages/airflow/example_dags/sample.py for tasks to queue
[2024-12-01T21:37:54.155+0530] {logging_mixin.py:190} INFO - [2024-12-01T21:37:54.155+0530] {dagbag.py:588} INFO - Filling up the DagBag from /home/sde/MyLab/myenv/lib/python3.12/site-packages/airflow/example_dags/sample.py
[2024-12-01T21:37:54.162+0530] {processor.py:925} INFO - DAG(s) 'data_frame_read' retrieved from /home/sde/MyLab/myenv/lib/python3.12/site-packages/airflow/example_dags/sample.py
[2024-12-01T21:37:54.191+0530] {logging_mixin.py:190} INFO - [2024-12-01T21:37:54.191+0530] {dag.py:3239} INFO - Sync 1 DAGs
[2024-12-01T21:37:54.219+0530] {logging_mixin.py:190} INFO - [2024-12-01T21:37:54.218+0530] {dag.py:4180} INFO - Setting next_dagrun for data_frame_read to 2024-01-01 00:00:00+00:00, run_after=2024-01-01 00:30:00+00:00
[2024-12-01T21:37:54.243+0530] {processor.py:208} INFO - Processing /home/sde/MyLab/myenv/lib/python3.12/site-packages/airflow/example_dags/sample.py took 0.098 seconds
[2024-12-01T21:38:24.316+0530] {processor.py:186} INFO - Started process (PID=6372) to work on /home/sde/MyLab/myenv/lib/python3.12/site-packages/airflow/example_dags/sample.py
[2024-12-01T21:38:24.317+0530] {processor.py:914} INFO - Processing file /home/sde/MyLab/myenv/lib/python3.12/site-packages/airflow/example_dags/sample.py for tasks to queue
[2024-12-01T21:38:24.319+0530] {logging_mixin.py:190} INFO - [2024-12-01T21:38:24.319+0530] {dagbag.py:588} INFO - Filling up the DagBag from /home/sde/MyLab/myenv/lib/python3.12/site-packages/airflow/example_dags/sample.py
[2024-12-01T21:38:24.325+0530] {processor.py:925} INFO - DAG(s) 'data_frame_read' retrieved from /home/sde/MyLab/myenv/lib/python3.12/site-packages/airflow/example_dags/sample.py
[2024-12-01T21:38:24.357+0530] {logging_mixin.py:190} INFO - [2024-12-01T21:38:24.357+0530] {dag.py:3239} INFO - Sync 1 DAGs
[2024-12-01T21:38:24.383+0530] {logging_mixin.py:190} INFO - [2024-12-01T21:38:24.382+0530] {dag.py:4180} INFO - Setting next_dagrun for data_frame_read to 2024-01-01 00:00:00+00:00, run_after=2024-01-01 00:30:00+00:00
[2024-12-01T21:38:24.404+0530] {processor.py:208} INFO - Processing /home/sde/MyLab/myenv/lib/python3.12/site-packages/airflow/example_dags/sample.py took 0.094 seconds
[2024-12-01T21:38:54.445+0530] {processor.py:186} INFO - Started process (PID=6494) to work on /home/sde/MyLab/myenv/lib/python3.12/site-packages/airflow/example_dags/sample.py
[2024-12-01T21:38:54.446+0530] {processor.py:914} INFO - Processing file /home/sde/MyLab/myenv/lib/python3.12/site-packages/airflow/example_dags/sample.py for tasks to queue
[2024-12-01T21:38:54.448+0530] {logging_mixin.py:190} INFO - [2024-12-01T21:38:54.448+0530] {dagbag.py:588} INFO - Filling up the DagBag from /home/sde/MyLab/myenv/lib/python3.12/site-packages/airflow/example_dags/sample.py
[2024-12-01T21:38:54.455+0530] {processor.py:925} INFO - DAG(s) 'data_frame_read' retrieved from /home/sde/MyLab/myenv/lib/python3.12/site-packages/airflow/example_dags/sample.py
[2024-12-01T21:38:54.489+0530] {logging_mixin.py:190} INFO - [2024-12-01T21:38:54.489+0530] {dag.py:3239} INFO - Sync 1 DAGs
[2024-12-01T21:38:54.515+0530] {logging_mixin.py:190} INFO - [2024-12-01T21:38:54.515+0530] {dag.py:4180} INFO - Setting next_dagrun for data_frame_read to 2024-01-01 00:00:00+00:00, run_after=2024-01-01 00:30:00+00:00
[2024-12-01T21:38:54.537+0530] {processor.py:208} INFO - Processing /home/sde/MyLab/myenv/lib/python3.12/site-packages/airflow/example_dags/sample.py took 0.100 seconds
[2024-12-01T21:39:24.679+0530] {processor.py:186} INFO - Started process (PID=6642) to work on /home/sde/MyLab/myenv/lib/python3.12/site-packages/airflow/example_dags/sample.py
[2024-12-01T21:39:24.680+0530] {processor.py:914} INFO - Processing file /home/sde/MyLab/myenv/lib/python3.12/site-packages/airflow/example_dags/sample.py for tasks to queue
[2024-12-01T21:39:24.683+0530] {logging_mixin.py:190} INFO - [2024-12-01T21:39:24.682+0530] {dagbag.py:588} INFO - Filling up the DagBag from /home/sde/MyLab/myenv/lib/python3.12/site-packages/airflow/example_dags/sample.py
[2024-12-01T21:39:24.689+0530] {processor.py:925} INFO - DAG(s) 'data_frame_read' retrieved from /home/sde/MyLab/myenv/lib/python3.12/site-packages/airflow/example_dags/sample.py
[2024-12-01T21:39:24.722+0530] {logging_mixin.py:190} INFO - [2024-12-01T21:39:24.722+0530] {dag.py:3239} INFO - Sync 1 DAGs
[2024-12-01T21:39:24.751+0530] {logging_mixin.py:190} INFO - [2024-12-01T21:39:24.751+0530] {dag.py:4180} INFO - Setting next_dagrun for data_frame_read to 2024-01-01 00:00:00+00:00, run_after=2024-01-01 00:30:00+00:00
[2024-12-01T21:39:24.776+0530] {processor.py:208} INFO - Processing /home/sde/MyLab/myenv/lib/python3.12/site-packages/airflow/example_dags/sample.py took 0.104 seconds
[2024-12-01T21:39:55.704+0530] {processor.py:186} INFO - Started process (PID=6796) to work on /home/sde/MyLab/myenv/lib/python3.12/site-packages/airflow/example_dags/sample.py
[2024-12-01T21:39:55.705+0530] {processor.py:914} INFO - Processing file /home/sde/MyLab/myenv/lib/python3.12/site-packages/airflow/example_dags/sample.py for tasks to queue
[2024-12-01T21:39:55.707+0530] {logging_mixin.py:190} INFO - [2024-12-01T21:39:55.707+0530] {dagbag.py:588} INFO - Filling up the DagBag from /home/sde/MyLab/myenv/lib/python3.12/site-packages/airflow/example_dags/sample.py
[2024-12-01T21:39:55.713+0530] {processor.py:925} INFO - DAG(s) 'data_frame_read' retrieved from /home/sde/MyLab/myenv/lib/python3.12/site-packages/airflow/example_dags/sample.py
[2024-12-01T21:39:55.746+0530] {logging_mixin.py:190} INFO - [2024-12-01T21:39:55.746+0530] {dag.py:3239} INFO - Sync 1 DAGs
[2024-12-01T21:39:55.775+0530] {logging_mixin.py:190} INFO - [2024-12-01T21:39:55.775+0530] {dag.py:4180} INFO - Setting next_dagrun for data_frame_read to 2024-01-01 00:00:00+00:00, run_after=2024-01-01 00:30:00+00:00
[2024-12-01T21:39:55.799+0530] {processor.py:208} INFO - Processing /home/sde/MyLab/myenv/lib/python3.12/site-packages/airflow/example_dags/sample.py took 0.103 seconds
[2024-12-01T21:40:26.443+0530] {processor.py:186} INFO - Started process (PID=6934) to work on /home/sde/MyLab/myenv/lib/python3.12/site-packages/airflow/example_dags/sample.py
[2024-12-01T21:40:26.444+0530] {processor.py:914} INFO - Processing file /home/sde/MyLab/myenv/lib/python3.12/site-packages/airflow/example_dags/sample.py for tasks to queue
[2024-12-01T21:40:26.447+0530] {logging_mixin.py:190} INFO - [2024-12-01T21:40:26.447+0530] {dagbag.py:588} INFO - Filling up the DagBag from /home/sde/MyLab/myenv/lib/python3.12/site-packages/airflow/example_dags/sample.py
[2024-12-01T21:40:26.454+0530] {processor.py:925} INFO - DAG(s) 'data_frame_read' retrieved from /home/sde/MyLab/myenv/lib/python3.12/site-packages/airflow/example_dags/sample.py
[2024-12-01T21:40:26.490+0530] {logging_mixin.py:190} INFO - [2024-12-01T21:40:26.489+0530] {dag.py:3239} INFO - Sync 1 DAGs
[2024-12-01T21:40:26.521+0530] {logging_mixin.py:190} INFO - [2024-12-01T21:40:26.520+0530] {dag.py:4180} INFO - Setting next_dagrun for data_frame_read to 2024-01-01 00:00:00+00:00, run_after=2024-01-01 00:30:00+00:00
[2024-12-01T21:40:26.549+0530] {processor.py:208} INFO - Processing /home/sde/MyLab/myenv/lib/python3.12/site-packages/airflow/example_dags/sample.py took 0.113 seconds
[2024-12-01T21:40:57.310+0530] {processor.py:186} INFO - Started process (PID=7061) to work on /home/sde/MyLab/myenv/lib/python3.12/site-packages/airflow/example_dags/sample.py
[2024-12-01T21:40:57.311+0530] {processor.py:914} INFO - Processing file /home/sde/MyLab/myenv/lib/python3.12/site-packages/airflow/example_dags/sample.py for tasks to queue
[2024-12-01T21:40:57.313+0530] {logging_mixin.py:190} INFO - [2024-12-01T21:40:57.313+0530] {dagbag.py:588} INFO - Filling up the DagBag from /home/sde/MyLab/myenv/lib/python3.12/site-packages/airflow/example_dags/sample.py
[2024-12-01T21:40:57.321+0530] {processor.py:925} INFO - DAG(s) 'data_frame_read' retrieved from /home/sde/MyLab/myenv/lib/python3.12/site-packages/airflow/example_dags/sample.py
[2024-12-01T21:40:57.359+0530] {logging_mixin.py:190} INFO - [2024-12-01T21:40:57.359+0530] {dag.py:3239} INFO - Sync 1 DAGs
[2024-12-01T21:40:57.391+0530] {logging_mixin.py:190} INFO - [2024-12-01T21:40:57.390+0530] {dag.py:4180} INFO - Setting next_dagrun for data_frame_read to 2024-01-01 00:00:00+00:00, run_after=2024-01-01 00:30:00+00:00
[2024-12-01T21:40:57.414+0530] {processor.py:208} INFO - Processing /home/sde/MyLab/myenv/lib/python3.12/site-packages/airflow/example_dags/sample.py took 0.112 seconds
[2024-12-01T21:41:27.942+0530] {processor.py:186} INFO - Started process (PID=7185) to work on /home/sde/MyLab/myenv/lib/python3.12/site-packages/airflow/example_dags/sample.py
[2024-12-01T21:41:27.943+0530] {processor.py:914} INFO - Processing file /home/sde/MyLab/myenv/lib/python3.12/site-packages/airflow/example_dags/sample.py for tasks to queue
[2024-12-01T21:41:27.946+0530] {logging_mixin.py:190} INFO - [2024-12-01T21:41:27.946+0530] {dagbag.py:588} INFO - Filling up the DagBag from /home/sde/MyLab/myenv/lib/python3.12/site-packages/airflow/example_dags/sample.py
[2024-12-01T21:41:27.953+0530] {processor.py:925} INFO - DAG(s) 'data_frame_read' retrieved from /home/sde/MyLab/myenv/lib/python3.12/site-packages/airflow/example_dags/sample.py
[2024-12-01T21:41:27.985+0530] {logging_mixin.py:190} INFO - [2024-12-01T21:41:27.985+0530] {dag.py:3239} INFO - Sync 1 DAGs
[2024-12-01T21:41:28.013+0530] {logging_mixin.py:190} INFO - [2024-12-01T21:41:28.012+0530] {dag.py:4180} INFO - Setting next_dagrun for data_frame_read to 2024-01-01 00:00:00+00:00, run_after=2024-01-01 00:30:00+00:00
[2024-12-01T21:41:28.035+0530] {processor.py:208} INFO - Processing /home/sde/MyLab/myenv/lib/python3.12/site-packages/airflow/example_dags/sample.py took 0.100 seconds
[2024-12-01T21:41:58.677+0530] {processor.py:186} INFO - Started process (PID=7428) to work on /home/sde/MyLab/myenv/lib/python3.12/site-packages/airflow/example_dags/sample.py
[2024-12-01T21:41:58.679+0530] {processor.py:914} INFO - Processing file /home/sde/MyLab/myenv/lib/python3.12/site-packages/airflow/example_dags/sample.py for tasks to queue
[2024-12-01T21:41:58.682+0530] {logging_mixin.py:190} INFO - [2024-12-01T21:41:58.682+0530] {dagbag.py:588} INFO - Filling up the DagBag from /home/sde/MyLab/myenv/lib/python3.12/site-packages/airflow/example_dags/sample.py
[2024-12-01T21:41:58.693+0530] {processor.py:925} INFO - DAG(s) 'data_frame_read' retrieved from /home/sde/MyLab/myenv/lib/python3.12/site-packages/airflow/example_dags/sample.py
[2024-12-01T21:41:58.734+0530] {logging_mixin.py:190} INFO - [2024-12-01T21:41:58.734+0530] {dag.py:3239} INFO - Sync 1 DAGs
[2024-12-01T21:41:58.776+0530] {logging_mixin.py:190} INFO - [2024-12-01T21:41:58.776+0530] {dag.py:4180} INFO - Setting next_dagrun for data_frame_read to 2024-01-01 00:00:00+00:00, run_after=2024-01-01 00:30:00+00:00
[2024-12-01T21:41:58.808+0530] {processor.py:208} INFO - Processing /home/sde/MyLab/myenv/lib/python3.12/site-packages/airflow/example_dags/sample.py took 0.137 seconds
[2024-12-01T21:42:28.885+0530] {processor.py:186} INFO - Started process (PID=7855) to work on /home/sde/MyLab/myenv/lib/python3.12/site-packages/airflow/example_dags/sample.py
[2024-12-01T21:42:28.886+0530] {processor.py:914} INFO - Processing file /home/sde/MyLab/myenv/lib/python3.12/site-packages/airflow/example_dags/sample.py for tasks to queue
[2024-12-01T21:42:28.888+0530] {logging_mixin.py:190} INFO - [2024-12-01T21:42:28.888+0530] {dagbag.py:588} INFO - Filling up the DagBag from /home/sde/MyLab/myenv/lib/python3.12/site-packages/airflow/example_dags/sample.py
[2024-12-01T21:42:28.895+0530] {processor.py:925} INFO - DAG(s) 'data_frame_read' retrieved from /home/sde/MyLab/myenv/lib/python3.12/site-packages/airflow/example_dags/sample.py
[2024-12-01T21:42:28.923+0530] {logging_mixin.py:190} INFO - [2024-12-01T21:42:28.922+0530] {dag.py:3239} INFO - Sync 1 DAGs
[2024-12-01T21:42:28.949+0530] {logging_mixin.py:190} INFO - [2024-12-01T21:42:28.949+0530] {dag.py:4180} INFO - Setting next_dagrun for data_frame_read to 2024-01-01 00:00:00+00:00, run_after=2024-01-01 00:30:00+00:00
[2024-12-01T21:42:28.973+0530] {processor.py:208} INFO - Processing /home/sde/MyLab/myenv/lib/python3.12/site-packages/airflow/example_dags/sample.py took 0.095 seconds
[2024-12-01T21:42:59.034+0530] {processor.py:186} INFO - Started process (PID=8068) to work on /home/sde/MyLab/myenv/lib/python3.12/site-packages/airflow/example_dags/sample.py
[2024-12-01T21:42:59.035+0530] {processor.py:914} INFO - Processing file /home/sde/MyLab/myenv/lib/python3.12/site-packages/airflow/example_dags/sample.py for tasks to queue
[2024-12-01T21:42:59.037+0530] {logging_mixin.py:190} INFO - [2024-12-01T21:42:59.037+0530] {dagbag.py:588} INFO - Filling up the DagBag from /home/sde/MyLab/myenv/lib/python3.12/site-packages/airflow/example_dags/sample.py
[2024-12-01T21:42:59.044+0530] {processor.py:925} INFO - DAG(s) 'data_frame_read' retrieved from /home/sde/MyLab/myenv/lib/python3.12/site-packages/airflow/example_dags/sample.py
[2024-12-01T21:42:59.075+0530] {logging_mixin.py:190} INFO - [2024-12-01T21:42:59.075+0530] {dag.py:3239} INFO - Sync 1 DAGs
[2024-12-01T21:42:59.104+0530] {logging_mixin.py:190} INFO - [2024-12-01T21:42:59.104+0530] {dag.py:4180} INFO - Setting next_dagrun for data_frame_read to 2024-01-01 00:00:00+00:00, run_after=2024-01-01 00:30:00+00:00
[2024-12-01T21:42:59.131+0530] {processor.py:208} INFO - Processing /home/sde/MyLab/myenv/lib/python3.12/site-packages/airflow/example_dags/sample.py took 0.105 seconds
