[2024-12-01T21:42:06.735+0530] {local_task_job_runner.py:123} INFO - ::group::Pre task execution logs
[2024-12-01T21:42:06.760+0530] {taskinstance.py:2613} INFO - Dependencies all met for dep_context=non-requeueable deps ti=<TaskInstance: example_display_name.sample_task_2 manual__2024-12-01T16:11:59.749669+00:00 [queued]>
[2024-12-01T21:42:06.770+0530] {taskinstance.py:2613} INFO - Dependencies all met for dep_context=requeueable deps ti=<TaskInstance: example_display_name.sample_task_2 manual__2024-12-01T16:11:59.749669+00:00 [queued]>
[2024-12-01T21:42:06.770+0530] {taskinstance.py:2866} INFO - Starting attempt 1 of 1
[2024-12-01T21:42:06.783+0530] {taskinstance.py:2889} INFO - Executing <Task(_PythonDecoratedOperator): sample_task_2> on 2024-12-01 16:11:59.749669+00:00
[2024-12-01T21:42:06.792+0530] {logging_mixin.py:190} WARNING - /home/sde/MyLab/myenv/lib/python3.12/site-packages/airflow/task/task_runner/standard_task_runner.py:70 DeprecationWarning: This process (pid=7524) is multi-threaded, use of fork() may lead to deadlocks in the child.
[2024-12-01T21:42:06.792+0530] {standard_task_runner.py:104} INFO - Running: ['airflow', 'tasks', 'run', 'example_display_name', 'sample_task_2', 'manual__2024-12-01T16:11:59.749669+00:00', '--job-id', '16', '--raw', '--subdir', '/home/sde/MyLab/myenv/lib/python3.12/site-packages/airflow/example_dags/example_display_name.py', '--cfg-path', '/tmp/tmpzngh5o_y']
[2024-12-01T21:42:06.793+0530] {standard_task_runner.py:72} INFO - Started process 7653 to run task
[2024-12-01T21:42:06.793+0530] {standard_task_runner.py:105} INFO - Job 16: Subtask sample_task_2
[2024-12-01T21:42:06.875+0530] {task_command.py:467} INFO - Running <TaskInstance: example_display_name.sample_task_2 manual__2024-12-01T16:11:59.749669+00:00 [running]> on host sde-Latitude-E5450
[2024-12-01T21:42:06.989+0530] {taskinstance.py:3132} INFO - Exporting env vars: AIRFLOW_CTX_DAG_OWNER='airflow' AIRFLOW_CTX_DAG_ID='example_display_name' AIRFLOW_CTX_TASK_ID='sample_task_2' AIRFLOW_CTX_EXECUTION_DATE='2024-12-01T16:11:59.749669+00:00' AIRFLOW_CTX_TRY_NUMBER='1' AIRFLOW_CTX_DAG_RUN_ID='manual__2024-12-01T16:11:59.749669+00:00'
[2024-12-01T21:42:06.990+0530] {logging_mixin.py:190} INFO - Task instance is in running state
[2024-12-01T21:42:06.991+0530] {logging_mixin.py:190} INFO -  Previous state of the Task instance: queued
[2024-12-01T21:42:06.991+0530] {logging_mixin.py:190} INFO - Current task name:sample_task_2 state:running start_date:2024-12-01 16:12:06.760843+00:00
[2024-12-01T21:42:06.991+0530] {logging_mixin.py:190} INFO - Dag name:example_display_name and current dag run status:running
[2024-12-01T21:42:06.991+0530] {taskinstance.py:731} INFO - ::endgroup::
[2024-12-01T21:42:06.992+0530] {python.py:240} INFO - Done. Returned value was: None
[2024-12-01T21:42:07.010+0530] {taskinstance.py:340} INFO - ::group::Post task execution logs
[2024-12-01T21:42:07.010+0530] {taskinstance.py:352} INFO - Marking task as SUCCESS. dag_id=example_display_name, task_id=sample_task_2, run_id=manual__2024-12-01T16:11:59.749669+00:00, execution_date=20241201T161159, start_date=20241201T161206, end_date=20241201T161207
[2024-12-01T21:42:07.022+0530] {logging_mixin.py:190} INFO - Task instance in success state
[2024-12-01T21:42:07.022+0530] {logging_mixin.py:190} INFO -  Previous state of the Task instance: running
[2024-12-01T21:42:07.023+0530] {logging_mixin.py:190} INFO - Dag name:example_display_name queued_at:2024-12-01 16:11:59.787613+00:00
[2024-12-01T21:42:07.023+0530] {logging_mixin.py:190} INFO - Task hostname:sde-Latitude-E5450 operator:_PythonDecoratedOperator
[2024-12-01T21:42:07.047+0530] {local_task_job_runner.py:266} INFO - Task exited with return code 0
[2024-12-01T21:42:07.075+0530] {taskinstance.py:3895} INFO - 0 downstream tasks scheduled from follow-on schedule check
[2024-12-01T21:42:07.077+0530] {local_task_job_runner.py:245} INFO - ::endgroup::
